<?xml version="1.0" encoding="UTF-8"?>
<testng-results ignored="0" total="1" passed="1" failed="0" skipped="0">
  <reporter-output>
  </reporter-output>
  <suite started-at="2022-07-07T23:01:59 IST" name="Default suite" finished-at="2022-07-07T23:02:28 IST" duration-ms="28841">
    <groups>
    </groups>
    <test started-at="2022-07-07T23:01:59 IST" name="Default test" finished-at="2022-07-07T23:02:28 IST" duration-ms="28841">
      <class name="launchbrowser.selenium_automation.Locators">
        <test-method signature="locators()[pri:0, instance:launchbrowser.selenium_automation.Locators@5acf93bb]" started-at="2022-07-07T23:01:59 IST" name="locators" finished-at="2022-07-07T23:02:28 IST" duration-ms="28817" status="PASS">
          <reporter-output>
          </reporter-output>
        </test-method> <!-- locators -->
      </class> <!-- launchbrowser.selenium_automation.Locators -->
    </test> <!-- Default test -->
  </suite> <!-- Default suite -->
</testng-results>
